<?xml version="1.0" encoding="UTF-8"?>
<!-- Generated by org.testng.reporters.JUnitReportReporter -->
<testsuite hostname="DESKTOP-7SF25I4" name="com.Hrms.tests.TestPIMPage" tests="1" failures="0" timestamp="6 Jan 2025 09:38:27 GMT" time="26.559" errors="0">
  <testcase name="deleteEmployee" time="26.559" classname="com.Hrms.tests.TestPIMPage"/>
</testsuite> <!-- com.Hrms.tests.TestPIMPage -->
