<?xml version="1.0" encoding="UTF-8"?>
<!-- Generated by org.testng.reporters.JUnitReportReporter -->
<testsuite hostname="DESKTOP-7SF25I4" name="com.Hrms.tests.TestPIMPage" tests="1" failures="0" timestamp="9 Dec 2024 17:08:19 GMT" time="27.032" errors="0">
  <testcase name="deleteEmployee" time="27.032" classname="com.Hrms.tests.TestPIMPage"/>
</testsuite> <!-- com.Hrms.tests.TestPIMPage -->
